<?xml version="1.0" encoding="UTF-8"?>
<testExecutions version="1">
  <file path="C:\Users\Valeria Molina\Documents\GitHub\polish-dupe-finder\backend\tests\routers\submissionReviewRouter.test.js">
  </file>
  <file path="C:\Users\Valeria Molina\Documents\GitHub\polish-dupe-finder\backend\tests\routers\insertRouter.test.js">
  </file>
  <file path="C:\Users\Valeria Molina\Documents\GitHub\polish-dupe-finder\backend\tests\routers\searchRouter.test.js">
  </file>
  <file path="C:\Users\Valeria Molina\Documents\GitHub\polish-dupe-finder\backend\tests\app.test.js">
  </file>
  <file path="C:\Users\Valeria Molina\Documents\GitHub\polish-dupe-finder\backend\tests\routers\index.test.js">
    <testCase name="mountRoutes should mount all routers" duration="8"/>
    <testCase name="mountRoutes should handle requests" duration="20"/>
  </file>
  <file path="C:\Users\Valeria Molina\Documents\GitHub\polish-dupe-finder\backend\tests\models\colorModel.test.js">
  </file>
  <file path="C:\Users\Valeria Molina\Documents\GitHub\polish-dupe-finder\backend\tests\models\brandModel.test.js">
  </file>
  <file path="C:\Users\Valeria Molina\Documents\GitHub\polish-dupe-finder\backend\tests\services\formulaService.test.js">
  </file>
  <file path="C:\Users\Valeria Molina\Documents\GitHub\polish-dupe-finder\backend\tests\utils\authValidator.test.js">
    <testCase name="authValidator should return 400 if no identifier is provided" duration="264"/>
    <testCase name="authValidator should return 400 if no password is provided" duration="8"/>
    <testCase name="authValidator should return 200 if valid auth data is provided" duration="9"/>
    <testCase name="validateSignUp should return 400 if no username is provided" duration="8"/>
    <testCase name="validateSignUp should return 400 if no password is provided" duration="9"/>
    <testCase name="validateSignUp should return 400 if no email is provided" duration="10"/>
    <testCase name="validateSignUp should return 400 if email is not valid" duration="13"/>
    <testCase name="validateSignUp should return 200 if valid signup data is provided" duration="8"/>
  </file>
  <file path="C:\Users\Valeria Molina\Documents\GitHub\polish-dupe-finder\backend\tests\models\formulaModel.test.js">
  </file>
  <file path="C:\Users\Valeria Molina\Documents\GitHub\polish-dupe-finder\backend\tests\models\userSubmissionModel.test.js">
  </file>
  <file path="C:\Users\Valeria Molina\Documents\GitHub\polish-dupe-finder\backend\tests\models\polishModel.test.js">
  </file>
  <file path="C:\Users\Valeria Molina\Documents\GitHub\polish-dupe-finder\backend\tests\services\userSubmissionService.test.js">
  </file>
  <file path="C:\Users\Valeria Molina\Documents\GitHub\polish-dupe-finder\backend\tests\services\userService.test.js">
  </file>
  <file path="C:\Users\Valeria Molina\Documents\GitHub\polish-dupe-finder\backend\tests\models\userModel.test.js">
  </file>
  <file path="C:\Users\Valeria Molina\Documents\GitHub\polish-dupe-finder\backend\tests\services\typeService.test.js">
  </file>
  <file path="C:\Users\Valeria Molina\Documents\GitHub\polish-dupe-finder\backend\tests\services\brandService.test.js">
  </file>
  <file path="C:\Users\Valeria Molina\Documents\GitHub\polish-dupe-finder\backend\tests\services\polishService.test.js">
  </file>
  <file path="C:\Users\Valeria Molina\Documents\GitHub\polish-dupe-finder\backend\tests\models\typeModel.test.js">
  </file>
  <file path="C:\Users\Valeria Molina\Documents\GitHub\polish-dupe-finder\backend\tests\services\colorService.test.js">
  </file>
</testExecutions>